06.02.2017 22:29:54, Info: Saving project information...
06.02.2017 22:29:54, Info: Verifying archive C:\Program Files (x86)\Crestron\Simpl\USRSPLUS\CrestronKNXLibrary.clz...
06.02.2017 22:29:55, Info: Saving project information...
06.02.2017 22:29:56, Info: Verifying archive C:\Program Files (x86)\Crestron\Simpl\USRSPLUS\CrestronKNXLibrary.clz...
06.02.2017 22:29:56, Info: Saving project information...
06.02.2017 22:29:57, Info: Verifying archive C:\Work\Office\SPlsWork\AppHelperClasses v2_0.clz...
06.02.2017 22:29:57, Info: Saving project information...
06.02.2017 22:29:58, Info: Verifying archive C:\Work\Office\SPlsWork\Crestron.MediaPlayerValidator.clz...
06.02.2017 22:29:58, Info: Saving project information...
06.02.2017 22:30:01, Info: Verifying archive C:\Program Files (x86)\Crestron\Simpl\USRSPLUS\AppleDACPClient.clz...
06.02.2017 22:30:01, Info: Saving project information...
06.02.2017 22:30:02, Info: Commiting verification transaction...
06.02.2017 22:30:02, Info: Saving project information...
06.02.2017 22:30:41, Info: Initializing SIMPLSharp Services...
06.02.2017 22:30:41, Info: ProjectInfo successfully initialized.
06.02.2017 22:30:42, Info: Verifying archive C:\Program Files (x86)\Crestron\Simpl\USRSPLUS\CrestronKNXLibrary.clz...
06.02.2017 22:30:42, Info: Saving project information...
06.02.2017 22:30:43, Info: Verifying archive C:\Program Files (x86)\Crestron\Simpl\USRSPLUS\CrestronKNXLibrary.clz...
06.02.2017 22:30:43, Info: Saving project information...
06.02.2017 22:30:44, Info: Verifying archive C:\Program Files (x86)\Crestron\Simpl\USRSPLUS\CrestronKNXLibrary.clz...
06.02.2017 22:30:44, Info: Saving project information...
06.02.2017 22:30:45, Info: Verifying archive C:\Program Files (x86)\Crestron\Simpl\USRSPLUS\CrestronKNXLibrary.clz...
06.02.2017 22:30:46, Info: Saving project information...
06.02.2017 22:30:46, Info: Verifying archive C:\Work\Office\SPlsWork\AppHelperClasses v2_0.clz...
06.02.2017 22:30:46, Info: Saving project information...
06.02.2017 22:30:47, Info: Verifying archive C:\Work\Office\SPlsWork\Crestron.MediaPlayerValidator.clz...
06.02.2017 22:30:47, Info: Saving project information...
06.02.2017 22:30:50, Info: Verifying archive C:\Program Files (x86)\Crestron\Simpl\USRSPLUS\AppleDACPClient.clz...
06.02.2017 22:30:50, Info: Saving project information...
06.02.2017 22:30:51, Info: Commiting verification transaction...
06.02.2017 22:30:51, Info: Saving project information...
06.02.2017 23:15:29, Info: Initializing SIMPLSharp Services...
06.02.2017 23:15:29, Info: ProjectInfo successfully initialized.
06.02.2017 23:15:29, Info: Verifying archive C:\Program Files (x86)\Crestron\Simpl\USRSPLUS\CrestronKNXLibrary.clz...
06.02.2017 23:15:30, Info: Saving project information...
06.02.2017 23:15:31, Info: Verifying archive C:\Program Files (x86)\Crestron\Simpl\USRSPLUS\CrestronKNXLibrary.clz...
06.02.2017 23:15:31, Info: Saving project information...
06.02.2017 23:15:31, Info: Verifying archive C:\Program Files (x86)\Crestron\Simpl\USRSPLUS\CrestronKNXLibrary.clz...
06.02.2017 23:15:32, Info: Saving project information...
06.02.2017 23:15:33, Info: Verifying archive C:\Program Files (x86)\Crestron\Simpl\USRSPLUS\CrestronKNXLibrary.clz...
06.02.2017 23:15:33, Info: Saving project information...
06.02.2017 23:15:34, Info: Verifying archive C:\Work\Office\SPlsWork\AppHelperClasses v2_0.clz...
06.02.2017 23:15:34, Info: Saving project information...
06.02.2017 23:15:35, Info: Verifying archive C:\Work\Office\SPlsWork\Crestron.MediaPlayerValidator.clz...
06.02.2017 23:15:35, Info: Saving project information...
06.02.2017 23:15:37, Info: Verifying archive C:\Program Files (x86)\Crestron\Simpl\USRSPLUS\AppleDACPClient.clz...
06.02.2017 23:15:38, Info: Saving project information...
06.02.2017 23:15:39, Info: Commiting verification transaction...
06.02.2017 23:15:39, Info: Saving project information...
07.02.2017 10:43:32, Info: Terminating SIMPLSharp Services
07.02.2017 10:43:32, Info: Saving project information...
07.02.2017 10:43:32, Info: Terminating SIMPLSharp Services
07.02.2017 10:43:32, Info: Saving project information...
07.02.2017 10:43:32, Info: Terminating SIMPLSharp Services
07.02.2017 10:43:32, Info: Saving project information...
07.02.2017 10:43:32, Info: Terminating SIMPLSharp Services
07.02.2017 10:43:32, Info: Saving project information...
07.02.2017 10:43:32, Info: Terminating SIMPLSharp Services
07.02.2017 10:43:32, Info: Saving project information...
07.02.2017 10:43:32, Info: Terminating SIMPLSharp Services
07.02.2017 10:43:32, Info: Saving project information...
07.02.2017 10:43:32, Info: Terminating SIMPLSharp Services
07.02.2017 10:43:32, Info: Saving project information...
07.02.2017 10:43:32, Info: Terminating SIMPLSharp Services
07.02.2017 10:43:32, Info: Saving project information...
07.02.2017 10:43:32, Info: Terminating SIMPLSharp Services
07.02.2017 10:43:32, Info: Saving project information...
07.02.2017 10:43:32, Info: Terminating SIMPLSharp Services
07.02.2017 10:43:32, Info: Saving project information...
07.02.2017 10:43:32, Info: Terminating SIMPLSharp Services
07.02.2017 10:43:32, Info: Saving project information...
07.02.2017 10:43:32, Info: Terminating SIMPLSharp Services
07.02.2017 10:43:32, Info: Saving project information...
07.02.2017 10:43:32, Info: Terminating SIMPLSharp Services
07.02.2017 10:43:32, Info: Saving project information...
07.02.2017 10:43:32, Info: Terminating SIMPLSharp Services
