06.02.2017 19:17:35, Info: Initializing SIMPLSharp Services...
06.02.2017 19:17:36, Info: ProjectInfo successfully initialized.
06.02.2017 19:17:36, Info: Verifying archive C:\Program Files (x86)\Crestron\Simpl\USRSPLUS\CrestronKNXLibrary.clz...
06.02.2017 19:17:37, Info: Saving project information...
06.02.2017 19:17:38, Info: Verifying archive C:\Program Files (x86)\Crestron\Simpl\USRSPLUS\CrestronKNXLibrary.clz...
06.02.2017 19:17:38, Info: Saving project information...
06.02.2017 19:17:38, Info: Verifying archive C:\Program Files (x86)\Crestron\Simpl\USRSPLUS\CrestronKNXLibrary.clz...
06.02.2017 19:17:39, Info: Saving project information...
06.02.2017 19:17:40, Info: Verifying archive C:\Program Files (x86)\Crestron\Simpl\USRSPLUS\CrestronKNXLibrary.clz...
06.02.2017 19:17:40, Info: Saving project information...
06.02.2017 19:17:41, Info: Verifying archive C:\Work\Office\SPlsWork\AppHelperClasses v2_0.clz...
06.02.2017 19:17:41, Info: Saving project information...
06.02.2017 19:17:42, Info: Verifying archive C:\Work\Office\SPlsWork\Crestron.MediaPlayerValidator.clz...
06.02.2017 19:17:42, Info: Saving project information...
06.02.2017 19:17:45, Info: Verifying archive C:\Program Files (x86)\Crestron\Simpl\USRSPLUS\AppleDACPClient.clz...
06.02.2017 19:17:45, Info: Saving project information...
06.02.2017 19:17:46, Info: Commiting verification transaction...
06.02.2017 19:17:46, Info: Saving project information...
06.02.2017 19:29:09, Info: Initializing SIMPLSharp Services...
06.02.2017 19:29:09, Info: ProjectInfo successfully initialized.
06.02.2017 19:29:10, Info: Verifying archive C:\Program Files (x86)\Crestron\Simpl\USRSPLUS\CrestronKNXLibrary.clz...
06.02.2017 19:29:10, Info: Saving project information...
06.02.2017 19:29:11, Info: Verifying archive C:\Program Files (x86)\Crestron\Simpl\USRSPLUS\CrestronKNXLibrary.clz...
06.02.2017 19:29:12, Info: Saving project information...
06.02.2017 19:29:12, Info: Verifying archive C:\Program Files (x86)\Crestron\Simpl\USRSPLUS\CrestronKNXLibrary.clz...
06.02.2017 19:29:12, Info: Saving project information...
06.02.2017 19:29:13, Info: Verifying archive C:\Program Files (x86)\Crestron\Simpl\USRSPLUS\CrestronKNXLibrary.clz...
06.02.2017 19:29:14, Info: Saving project information...
06.02.2017 19:29:14, Info: Verifying archive C:\Work\Office\SPlsWork\AppHelperClasses v2_0.clz...
06.02.2017 19:29:14, Info: Saving project information...
06.02.2017 19:29:15, Info: Verifying archive C:\Work\Office\SPlsWork\Crestron.MediaPlayerValidator.clz...
06.02.2017 19:29:15, Info: Saving project information...
06.02.2017 19:29:18, Info: Verifying archive C:\Program Files (x86)\Crestron\Simpl\USRSPLUS\AppleDACPClient.clz...
06.02.2017 19:29:18, Info: Saving project information...
06.02.2017 19:29:20, Info: Commiting verification transaction...
06.02.2017 19:29:20, Info: Saving project information...
06.02.2017 19:48:40, Info: Initializing SIMPLSharp Services...
06.02.2017 19:48:40, Info: ProjectInfo successfully initialized.
06.02.2017 19:48:40, Info: Verifying archive C:\Program Files (x86)\Crestron\Simpl\USRSPLUS\CrestronKNXLibrary.clz...
06.02.2017 19:48:41, Info: Saving project information...
06.02.2017 19:48:42, Info: Verifying archive C:\Program Files (x86)\Crestron\Simpl\USRSPLUS\CrestronKNXLibrary.clz...
06.02.2017 19:48:42, Info: Saving project information...
06.02.2017 19:48:42, Info: Verifying archive C:\Program Files (x86)\Crestron\Simpl\USRSPLUS\CrestronKNXLibrary.clz...
06.02.2017 19:48:43, Info: Saving project information...
06.02.2017 19:48:44, Info: Verifying archive C:\Program Files (x86)\Crestron\Simpl\USRSPLUS\CrestronKNXLibrary.clz...
06.02.2017 19:48:44, Info: Saving project information...
06.02.2017 19:48:45, Info: Verifying archive C:\Work\Office\SPlsWork\AppHelperClasses v2_0.clz...
06.02.2017 19:48:45, Info: Saving project information...
06.02.2017 19:48:46, Info: Verifying archive C:\Work\Office\SPlsWork\Crestron.MediaPlayerValidator.clz...
06.02.2017 19:48:46, Info: Saving project information...
06.02.2017 19:48:49, Info: Verifying archive C:\Program Files (x86)\Crestron\Simpl\USRSPLUS\AppleDACPClient.clz...
06.02.2017 19:48:49, Info: Saving project information...
06.02.2017 19:48:51, Info: Commiting verification transaction...
06.02.2017 19:48:51, Info: Saving project information...
06.02.2017 19:52:03, Info: Initializing SIMPLSharp Services...
06.02.2017 19:52:03, Info: ProjectInfo successfully initialized.
06.02.2017 19:52:04, Info: Verifying archive C:\Program Files (x86)\Crestron\Simpl\USRSPLUS\CrestronKNXLibrary.clz...
06.02.2017 19:52:04, Info: Saving project information...
06.02.2017 19:52:05, Info: Verifying archive C:\Program Files (x86)\Crestron\Simpl\USRSPLUS\CrestronKNXLibrary.clz...
06.02.2017 19:52:06, Info: Saving project information...
06.02.2017 19:52:06, Info: Verifying archive C:\Program Files (x86)\Crestron\Simpl\USRSPLUS\CrestronKNXLibrary.clz...
06.02.2017 19:52:06, Info: Saving project information...
06.02.2017 19:52:08, Info: Verifying archive C:\Program Files (x86)\Crestron\Simpl\USRSPLUS\CrestronKNXLibrary.clz...
06.02.2017 19:52:08, Info: Saving project information...
06.02.2017 19:52:09, Info: Verifying archive C:\Work\Office\SPlsWork\AppHelperClasses v2_0.clz...
06.02.2017 19:52:09, Info: Saving project information...
06.02.2017 19:52:10, Info: Verifying archive C:\Work\Office\SPlsWork\Crestron.MediaPlayerValidator.clz...
06.02.2017 19:52:10, Info: Saving project information...
06.02.2017 19:52:12, Info: Verifying archive C:\Program Files (x86)\Crestron\Simpl\USRSPLUS\AppleDACPClient.clz...
06.02.2017 19:52:13, Info: Saving project information...
06.02.2017 19:52:14, Info: Commiting verification transaction...
06.02.2017 19:52:14, Info: Saving project information...
06.02.2017 20:02:28, Info: Initializing SIMPLSharp Services...
06.02.2017 20:02:28, Info: ProjectInfo successfully initialized.
06.02.2017 20:02:28, Info: Verifying archive C:\Program Files (x86)\Crestron\Simpl\USRSPLUS\CrestronKNXLibrary.clz...
06.02.2017 20:02:29, Info: Saving project information...
06.02.2017 20:02:30, Info: Verifying archive C:\Program Files (x86)\Crestron\Simpl\USRSPLUS\CrestronKNXLibrary.clz...
06.02.2017 20:02:30, Info: Saving project information...
06.02.2017 20:02:30, Info: Verifying archive C:\Program Files (x86)\Crestron\Simpl\USRSPLUS\CrestronKNXLibrary.clz...
06.02.2017 20:02:31, Info: Saving project information...
06.02.2017 20:02:32, Info: Verifying archive C:\Program Files (x86)\Crestron\Simpl\USRSPLUS\CrestronKNXLibrary.clz...
06.02.2017 20:02:32, Info: Saving project information...
06.02.2017 20:02:33, Info: Verifying archive C:\Work\Office\SPlsWork\AppHelperClasses v2_0.clz...
06.02.2017 20:02:33, Info: Saving project information...
06.02.2017 20:02:34, Info: Verifying archive C:\Work\Office\SPlsWork\Crestron.MediaPlayerValidator.clz...
06.02.2017 20:02:34, Info: Saving project information...
06.02.2017 20:02:36, Info: Verifying archive C:\Program Files (x86)\Crestron\Simpl\USRSPLUS\AppleDACPClient.clz...
06.02.2017 20:02:37, Info: Saving project information...
06.02.2017 20:02:38, Info: Commiting verification transaction...
06.02.2017 20:02:38, Info: Saving project information...
06.02.2017 20:10:03, Info: Initializing SIMPLSharp Services...
06.02.2017 20:10:03, Info: ProjectInfo successfully initialized.
06.02.2017 20:10:04, Info: Verifying archive C:\Program Files (x86)\Crestron\Simpl\USRSPLUS\CrestronKNXLibrary.clz...
06.02.2017 20:10:04, Info: Saving project information...
06.02.2017 20:10:05, Info: Verifying archive C:\Program Files (x86)\Crestron\Simpl\USRSPLUS\CrestronKNXLibrary.clz...
06.02.2017 20:10:06, Info: Saving project information...
06.02.2017 20:10:06, Info: Verifying archive C:\Program Files (x86)\Crestron\Simpl\USRSPLUS\CrestronKNXLibrary.clz...
06.02.2017 20:10:06, Info: Saving project information...
06.02.2017 20:10:07, Info: Verifying archive C:\Program Files (x86)\Crestron\Simpl\USRSPLUS\CrestronKNXLibrary.clz...
06.02.2017 20:10:08, Info: Saving project information...
06.02.2017 20:10:08, Info: Verifying archive C:\Work\Office\SPlsWork\AppHelperClasses v2_0.clz...
06.02.2017 20:10:08, Info: Saving project information...
06.02.2017 20:10:09, Info: Verifying archive C:\Work\Office\SPlsWork\Crestron.MediaPlayerValidator.clz...
06.02.2017 20:10:09, Info: Saving project information...
06.02.2017 20:10:12, Info: Verifying archive C:\Program Files (x86)\Crestron\Simpl\USRSPLUS\AppleDACPClient.clz...
06.02.2017 20:10:12, Info: Saving project information...
06.02.2017 20:10:13, Info: Commiting verification transaction...
06.02.2017 20:10:13, Info: Saving project information...
06.02.2017 21:17:42, Info: Initializing SIMPLSharp Services...
06.02.2017 21:17:42, Info: ProjectInfo successfully initialized.
06.02.2017 21:17:43, Info: Verifying archive C:\Program Files (x86)\Crestron\Simpl\USRSPLUS\CrestronKNXLibrary.clz...
06.02.2017 21:17:43, Info: Saving project information...
06.02.2017 21:17:44, Info: Verifying archive C:\Program Files (x86)\Crestron\Simpl\USRSPLUS\CrestronKNXLibrary.clz...
06.02.2017 21:17:44, Info: Saving project information...
06.02.2017 21:17:45, Info: Verifying archive C:\Program Files (x86)\Crestron\Simpl\USRSPLUS\CrestronKNXLibrary.clz...
06.02.2017 21:17:45, Info: Saving project information...
06.02.2017 21:17:46, Info: Verifying archive C:\Program Files (x86)\Crestron\Simpl\USRSPLUS\CrestronKNXLibrary.clz...
06.02.2017 21:17:47, Info: Saving project information...
06.02.2017 21:17:47, Info: Verifying archive C:\Work\Office\SPlsWork\AppHelperClasses v2_0.clz...
06.02.2017 21:17:47, Info: Saving project information...
06.02.2017 21:17:48, Info: Verifying archive C:\Work\Office\SPlsWork\Crestron.MediaPlayerValidator.clz...
06.02.2017 21:17:48, Info: Saving project information...
06.02.2017 21:17:51, Info: Verifying archive C:\Program Files (x86)\Crestron\Simpl\USRSPLUS\AppleDACPClient.clz...
06.02.2017 21:17:51, Info: Saving project information...
06.02.2017 21:17:52, Info: Commiting verification transaction...
06.02.2017 21:17:52, Info: Saving project information...
06.02.2017 21:26:38, Info: Initializing SIMPLSharp Services...
06.02.2017 21:26:38, Info: ProjectInfo successfully initialized.
06.02.2017 21:26:38, Info: Verifying archive C:\Program Files (x86)\Crestron\Simpl\USRSPLUS\CrestronKNXLibrary.clz...
06.02.2017 21:26:39, Info: Saving project information...
06.02.2017 21:26:40, Info: Verifying archive C:\Program Files (x86)\Crestron\Simpl\USRSPLUS\CrestronKNXLibrary.clz...
06.02.2017 21:26:40, Info: Saving project information...
06.02.2017 21:26:41, Info: Verifying archive C:\Program Files (x86)\Crestron\Simpl\USRSPLUS\CrestronKNXLibrary.clz...
06.02.2017 21:26:41, Info: Saving project information...
06.02.2017 21:26:42, Info: Verifying archive C:\Program Files (x86)\Crestron\Simpl\USRSPLUS\CrestronKNXLibrary.clz...
06.02.2017 21:26:43, Info: Saving project information...
06.02.2017 21:26:43, Info: Verifying archive C:\Work\Office\SPlsWork\AppHelperClasses v2_0.clz...
06.02.2017 21:26:43, Info: Saving project information...
06.02.2017 21:26:44, Info: Verifying archive C:\Work\Office\SPlsWork\Crestron.MediaPlayerValidator.clz...
06.02.2017 21:26:44, Info: Saving project information...
06.02.2017 21:26:47, Info: Verifying archive C:\Program Files (x86)\Crestron\Simpl\USRSPLUS\AppleDACPClient.clz...
06.02.2017 21:26:47, Info: Saving project information...
06.02.2017 21:26:49, Info: Commiting verification transaction...
06.02.2017 21:26:49, Info: Saving project information...
06.02.2017 21:27:58, Info: Initializing SIMPLSharp Services...
06.02.2017 21:27:58, Info: ProjectInfo successfully initialized.
06.02.2017 21:27:59, Info: Verifying archive C:\Program Files (x86)\Crestron\Simpl\USRSPLUS\CrestronKNXLibrary.clz...
06.02.2017 21:27:59, Info: Saving project information...
06.02.2017 21:28:00, Info: Verifying archive C:\Program Files (x86)\Crestron\Simpl\USRSPLUS\CrestronKNXLibrary.clz...
06.02.2017 21:28:01, Info: Saving project information...
06.02.2017 21:28:01, Info: Verifying archive C:\Program Files (x86)\Crestron\Simpl\USRSPLUS\CrestronKNXLibrary.clz...
06.02.2017 21:28:01, Info: Saving project information...
06.02.2017 21:28:02, Info: Verifying archive C:\Program Files (x86)\Crestron\Simpl\USRSPLUS\CrestronKNXLibrary.clz...
06.02.2017 21:28:03, Info: Saving project information...
06.02.2017 21:28:03, Info: Verifying archive C:\Work\Office\SPlsWork\AppHelperClasses v2_0.clz...
06.02.2017 21:28:03, Info: Saving project information...
06.02.2017 21:28:04, Info: Verifying archive C:\Work\Office\SPlsWork\Crestron.MediaPlayerValidator.clz...
06.02.2017 21:28:04, Info: Saving project information...
06.02.2017 21:28:07, Info: Verifying archive C:\Program Files (x86)\Crestron\Simpl\USRSPLUS\AppleDACPClient.clz...
06.02.2017 21:28:07, Info: Saving project information...
06.02.2017 21:28:08, Info: Commiting verification transaction...
06.02.2017 21:28:08, Info: Saving project information...
06.02.2017 22:19:23, Info: Initializing SIMPLSharp Services...
06.02.2017 22:19:23, Info: ProjectInfo successfully initialized.
06.02.2017 22:19:23, Info: Verifying archive C:\Program Files (x86)\Crestron\Simpl\USRSPLUS\CrestronKNXLibrary.clz...
06.02.2017 22:19:24, Info: Saving project information...
06.02.2017 22:19:25, Info: Verifying archive C:\Program Files (x86)\Crestron\Simpl\USRSPLUS\CrestronKNXLibrary.clz...
06.02.2017 22:19:25, Info: Saving project information...
06.02.2017 22:19:25, Info: Verifying archive C:\Program Files (x86)\Crestron\Simpl\USRSPLUS\CrestronKNXLibrary.clz...
06.02.2017 22:19:26, Info: Saving project information...
06.02.2017 22:19:27, Info: Verifying archive C:\Program Files (x86)\Crestron\Simpl\USRSPLUS\CrestronKNXLibrary.clz...
06.02.2017 22:19:27, Info: Saving project information...
06.02.2017 22:19:28, Info: Verifying archive C:\Work\Office\SPlsWork\AppHelperClasses v2_0.clz...
06.02.2017 22:19:28, Info: Saving project information...
06.02.2017 22:19:28, Info: Verifying archive C:\Work\Office\SPlsWork\Crestron.MediaPlayerValidator.clz...
06.02.2017 22:19:29, Info: Saving project information...
06.02.2017 22:19:31, Info: Verifying archive C:\Program Files (x86)\Crestron\Simpl\USRSPLUS\AppleDACPClient.clz...
06.02.2017 22:19:31, Info: Saving project information...
06.02.2017 22:19:33, Info: Commiting verification transaction...
06.02.2017 22:19:33, Info: Saving project information...
06.02.2017 22:23:20, Info: Initializing SIMPLSharp Services...
06.02.2017 22:23:20, Info: ProjectInfo successfully initialized.
06.02.2017 22:23:20, Info: Verifying archive C:\Program Files (x86)\Crestron\Simpl\USRSPLUS\CrestronKNXLibrary.clz...
06.02.2017 22:23:21, Info: Saving project information...
06.02.2017 22:23:22, Info: Verifying archive C:\Program Files (x86)\Crestron\Simpl\USRSPLUS\CrestronKNXLibrary.clz...
06.02.2017 22:23:22, Info: Saving project information...
06.02.2017 22:23:22, Info: Verifying archive C:\Program Files (x86)\Crestron\Simpl\USRSPLUS\CrestronKNXLibrary.clz...
06.02.2017 22:23:23, Info: Saving project information...
06.02.2017 22:23:24, Info: Verifying archive C:\Program Files (x86)\Crestron\Simpl\USRSPLUS\CrestronKNXLibrary.clz...
06.02.2017 22:23:24, Info: Saving project information...
06.02.2017 22:23:25, Info: Verifying archive C:\Work\Office\SPlsWork\AppHelperClasses v2_0.clz...
06.02.2017 22:23:25, Info: Saving project information...
06.02.2017 22:23:26, Info: Verifying archive C:\Work\Office\SPlsWork\Crestron.MediaPlayerValidator.clz...
06.02.2017 22:23:26, Info: Saving project information...
06.02.2017 22:23:29, Info: Verifying archive C:\Program Files (x86)\Crestron\Simpl\USRSPLUS\AppleDACPClient.clz...
06.02.2017 22:23:29, Info: Saving project information...
06.02.2017 22:23:30, Info: Commiting verification transaction...
06.02.2017 22:23:30, Info: Saving project information...
06.02.2017 22:29:52, Info: Initializing SIMPLSharp Services...
06.02.2017 22:29:52, Info: ProjectInfo successfully initialized.
06.02.2017 22:29:52, Info: Verifying archive C:\Program Files (x86)\Crestron\Simpl\USRSPLUS\CrestronKNXLibrary.clz...
06.02.2017 22:29:53, Info: Saving project information...
06.02.2017 22:29:54, Info: Verifying archive C:\Program Files (x86)\Crestron\Simpl\USRSPLUS\CrestronKNXLibrary.clz...
