06.02.2017 5:58:50, Info: Saving project information...
06.02.2017 5:58:51, Info: Verifying archive C:\Program Files (x86)\Crestron\Simpl\USRSPLUS\CrestronKNXLibrary.clz...
06.02.2017 5:58:52, Info: Saving project information...
06.02.2017 5:58:52, Info: Verifying archive C:\Program Files (x86)\Crestron\Simpl\USRSPLUS\CrestronKNXLibrary.clz...
06.02.2017 5:58:52, Info: Saving project information...
06.02.2017 5:58:53, Info: Verifying archive C:\Program Files (x86)\Crestron\Simpl\USRSPLUS\CrestronKNXLibrary.clz...
06.02.2017 5:58:54, Info: Saving project information...
06.02.2017 5:58:54, Info: Verifying archive C:\Work\Office\SPlsWork\AppHelperClasses v2_0.clz...
06.02.2017 5:58:55, Info: Saving project information...
06.02.2017 5:58:55, Info: Verifying archive C:\Work\Office\SPlsWork\Crestron.MediaPlayerValidator.clz...
06.02.2017 5:58:56, Info: Saving project information...
06.02.2017 5:58:58, Info: Verifying archive C:\Program Files (x86)\Crestron\Simpl\USRSPLUS\AppleDACPClient.clz...
06.02.2017 5:58:59, Info: Saving project information...
06.02.2017 5:59:00, Info: Commiting verification transaction...
06.02.2017 5:59:00, Info: Saving project information...
06.02.2017 6:12:14, Info: Initializing SIMPLSharp Services...
06.02.2017 6:12:14, Info: ProjectInfo successfully initialized.
06.02.2017 6:12:15, Info: Verifying archive C:\Program Files (x86)\Crestron\Simpl\USRSPLUS\CrestronKNXLibrary.clz...
06.02.2017 6:12:15, Info: Saving project information...
06.02.2017 6:12:16, Info: Verifying archive C:\Program Files (x86)\Crestron\Simpl\USRSPLUS\CrestronKNXLibrary.clz...
06.02.2017 6:12:17, Info: Saving project information...
06.02.2017 6:12:17, Info: Verifying archive C:\Program Files (x86)\Crestron\Simpl\USRSPLUS\CrestronKNXLibrary.clz...
06.02.2017 6:12:17, Info: Saving project information...
06.02.2017 6:12:19, Info: Verifying archive C:\Program Files (x86)\Crestron\Simpl\USRSPLUS\CrestronKNXLibrary.clz...
06.02.2017 6:12:19, Info: Saving project information...
06.02.2017 6:12:20, Info: Verifying archive C:\Work\Office\SPlsWork\AppHelperClasses v2_0.clz...
06.02.2017 6:12:20, Info: Saving project information...
06.02.2017 6:12:21, Info: Verifying archive C:\Work\Office\SPlsWork\Crestron.MediaPlayerValidator.clz...
06.02.2017 6:12:21, Info: Saving project information...
06.02.2017 6:12:23, Info: Verifying archive C:\Program Files (x86)\Crestron\Simpl\USRSPLUS\AppleDACPClient.clz...
06.02.2017 6:12:24, Info: Saving project information...
06.02.2017 6:12:25, Info: Commiting verification transaction...
06.02.2017 6:12:25, Info: Saving project information...
06.02.2017 6:13:08, Info: Initializing SIMPLSharp Services...
06.02.2017 6:13:08, Info: ProjectInfo successfully initialized.
06.02.2017 6:13:09, Info: Verifying archive C:\Program Files (x86)\Crestron\Simpl\USRSPLUS\CrestronKNXLibrary.clz...
06.02.2017 6:13:09, Info: Saving project information...
06.02.2017 6:13:10, Info: Verifying archive C:\Program Files (x86)\Crestron\Simpl\USRSPLUS\CrestronKNXLibrary.clz...
06.02.2017 6:13:10, Info: Saving project information...
06.02.2017 6:13:11, Info: Verifying archive C:\Program Files (x86)\Crestron\Simpl\USRSPLUS\CrestronKNXLibrary.clz...
06.02.2017 6:13:11, Info: Saving project information...
06.02.2017 6:13:12, Info: Verifying archive C:\Program Files (x86)\Crestron\Simpl\USRSPLUS\CrestronKNXLibrary.clz...
06.02.2017 6:13:13, Info: Saving project information...
06.02.2017 6:13:13, Info: Verifying archive C:\Work\Office\SPlsWork\AppHelperClasses v2_0.clz...
06.02.2017 6:13:13, Info: Saving project information...
06.02.2017 6:13:14, Info: Verifying archive C:\Work\Office\SPlsWork\Crestron.MediaPlayerValidator.clz...
06.02.2017 6:13:14, Info: Saving project information...
06.02.2017 6:13:17, Info: Verifying archive C:\Program Files (x86)\Crestron\Simpl\USRSPLUS\AppleDACPClient.clz...
06.02.2017 6:13:17, Info: Saving project information...
06.02.2017 6:13:19, Info: Commiting verification transaction...
06.02.2017 6:13:19, Info: Saving project information...
06.02.2017 6:13:33, Info: Initializing SIMPLSharp Services...
06.02.2017 6:13:33, Info: ProjectInfo successfully initialized.
06.02.2017 6:13:34, Info: Verifying archive C:\Program Files (x86)\Crestron\Simpl\USRSPLUS\CrestronKNXLibrary.clz...
06.02.2017 6:13:34, Info: Saving project information...
06.02.2017 6:13:35, Info: Verifying archive C:\Program Files (x86)\Crestron\Simpl\USRSPLUS\CrestronKNXLibrary.clz...
06.02.2017 6:13:35, Info: Saving project information...
06.02.2017 6:13:36, Info: Verifying archive C:\Program Files (x86)\Crestron\Simpl\USRSPLUS\CrestronKNXLibrary.clz...
06.02.2017 6:13:36, Info: Saving project information...
06.02.2017 6:13:37, Info: Verifying archive C:\Program Files (x86)\Crestron\Simpl\USRSPLUS\CrestronKNXLibrary.clz...
06.02.2017 6:13:38, Info: Saving project information...
06.02.2017 6:13:38, Info: Verifying archive C:\Work\Office\SPlsWork\AppHelperClasses v2_0.clz...
06.02.2017 6:13:38, Info: Saving project information...
06.02.2017 6:13:39, Info: Verifying archive C:\Work\Office\SPlsWork\Crestron.MediaPlayerValidator.clz...
06.02.2017 6:13:39, Info: Saving project information...
06.02.2017 6:13:42, Info: Verifying archive C:\Program Files (x86)\Crestron\Simpl\USRSPLUS\AppleDACPClient.clz...
06.02.2017 6:13:42, Info: Saving project information...
06.02.2017 6:13:44, Info: Commiting verification transaction...
06.02.2017 6:13:44, Info: Saving project information...
06.02.2017 17:57:09, Info: Initializing SIMPLSharp Services...
06.02.2017 17:57:09, Info: ProjectInfo successfully initialized.
06.02.2017 17:57:09, Info: Verifying archive C:\Program Files (x86)\Crestron\Simpl\USRSPLUS\CrestronKNXLibrary.clz...
06.02.2017 17:57:10, Info: Saving project information...
06.02.2017 17:57:11, Info: Verifying archive C:\Program Files (x86)\Crestron\Simpl\USRSPLUS\CrestronKNXLibrary.clz...
06.02.2017 17:57:11, Info: Saving project information...
06.02.2017 17:57:12, Info: Verifying archive C:\Program Files (x86)\Crestron\Simpl\USRSPLUS\CrestronKNXLibrary.clz...
06.02.2017 17:57:12, Info: Saving project information...
06.02.2017 17:57:13, Info: Verifying archive C:\Program Files (x86)\Crestron\Simpl\USRSPLUS\CrestronKNXLibrary.clz...
06.02.2017 17:57:13, Info: Saving project information...
06.02.2017 17:57:14, Info: Verifying archive C:\Work\Office\SPlsWork\AppHelperClasses v2_0.clz...
06.02.2017 17:57:14, Info: Saving project information...
06.02.2017 17:57:15, Info: Verifying archive C:\Work\Office\SPlsWork\Crestron.MediaPlayerValidator.clz...
06.02.2017 17:57:15, Info: Saving project information...
06.02.2017 17:57:18, Info: Verifying archive C:\Program Files (x86)\Crestron\Simpl\USRSPLUS\AppleDACPClient.clz...
06.02.2017 17:57:18, Info: Saving project information...
06.02.2017 17:57:20, Info: Commiting verification transaction...
06.02.2017 17:57:20, Info: Saving project information...
06.02.2017 18:11:25, Info: Initializing SIMPLSharp Services...
06.02.2017 18:11:25, Info: ProjectInfo successfully initialized.
06.02.2017 18:11:26, Info: Verifying archive C:\Program Files (x86)\Crestron\Simpl\USRSPLUS\CrestronKNXLibrary.clz...
06.02.2017 18:11:26, Info: Saving project information...
06.02.2017 18:11:27, Info: Verifying archive C:\Program Files (x86)\Crestron\Simpl\USRSPLUS\CrestronKNXLibrary.clz...
06.02.2017 18:11:27, Info: Saving project information...
06.02.2017 18:11:28, Info: Verifying archive C:\Program Files (x86)\Crestron\Simpl\USRSPLUS\CrestronKNXLibrary.clz...
06.02.2017 18:11:28, Info: Saving project information...
06.02.2017 18:11:29, Info: Verifying archive C:\Program Files (x86)\Crestron\Simpl\USRSPLUS\CrestronKNXLibrary.clz...
06.02.2017 18:11:30, Info: Saving project information...
06.02.2017 18:11:30, Info: Verifying archive C:\Work\Office\SPlsWork\AppHelperClasses v2_0.clz...
06.02.2017 18:11:30, Info: Saving project information...
06.02.2017 18:11:31, Info: Verifying archive C:\Work\Office\SPlsWork\Crestron.MediaPlayerValidator.clz...
06.02.2017 18:11:31, Info: Saving project information...
06.02.2017 18:11:34, Info: Verifying archive C:\Program Files (x86)\Crestron\Simpl\USRSPLUS\AppleDACPClient.clz...
06.02.2017 18:11:34, Info: Saving project information...
06.02.2017 18:11:35, Info: Commiting verification transaction...
06.02.2017 18:11:35, Info: Saving project information...
06.02.2017 18:12:06, Info: Initializing SIMPLSharp Services...
06.02.2017 18:12:06, Info: ProjectInfo successfully initialized.
06.02.2017 18:12:06, Info: Verifying archive C:\Program Files (x86)\Crestron\Simpl\USRSPLUS\CrestronKNXLibrary.clz...
06.02.2017 18:12:07, Info: Saving project information...
06.02.2017 18:12:08, Info: Verifying archive C:\Program Files (x86)\Crestron\Simpl\USRSPLUS\CrestronKNXLibrary.clz...
06.02.2017 18:12:08, Info: Saving project information...
06.02.2017 18:12:08, Info: Verifying archive C:\Program Files (x86)\Crestron\Simpl\USRSPLUS\CrestronKNXLibrary.clz...
06.02.2017 18:12:09, Info: Saving project information...
06.02.2017 18:12:10, Info: Verifying archive C:\Program Files (x86)\Crestron\Simpl\USRSPLUS\CrestronKNXLibrary.clz...
06.02.2017 18:12:10, Info: Saving project information...
06.02.2017 18:12:11, Info: Verifying archive C:\Work\Office\SPlsWork\AppHelperClasses v2_0.clz...
06.02.2017 18:12:11, Info: Saving project information...
06.02.2017 18:12:12, Info: Verifying archive C:\Work\Office\SPlsWork\Crestron.MediaPlayerValidator.clz...
06.02.2017 18:12:12, Info: Saving project information...
06.02.2017 18:12:14, Info: Verifying archive C:\Program Files (x86)\Crestron\Simpl\USRSPLUS\AppleDACPClient.clz...
06.02.2017 18:12:15, Info: Saving project information...
06.02.2017 18:12:16, Info: Commiting verification transaction...
06.02.2017 18:12:16, Info: Saving project information...
06.02.2017 18:12:38, Info: Initializing SIMPLSharp Services...
06.02.2017 18:12:38, Info: ProjectInfo successfully initialized.
06.02.2017 18:12:38, Info: Verifying archive C:\Program Files (x86)\Crestron\Simpl\USRSPLUS\CrestronKNXLibrary.clz...
06.02.2017 18:12:39, Info: Saving project information...
06.02.2017 18:12:40, Info: Verifying archive C:\Program Files (x86)\Crestron\Simpl\USRSPLUS\CrestronKNXLibrary.clz...
06.02.2017 18:12:40, Info: Saving project information...
06.02.2017 18:12:40, Info: Verifying archive C:\Program Files (x86)\Crestron\Simpl\USRSPLUS\CrestronKNXLibrary.clz...
06.02.2017 18:12:41, Info: Saving project information...
06.02.2017 18:12:42, Info: Verifying archive C:\Program Files (x86)\Crestron\Simpl\USRSPLUS\CrestronKNXLibrary.clz...
06.02.2017 18:12:42, Info: Saving project information...
06.02.2017 18:12:43, Info: Verifying archive C:\Work\Office\SPlsWork\AppHelperClasses v2_0.clz...
06.02.2017 18:12:43, Info: Saving project information...
06.02.2017 18:12:43, Info: Verifying archive C:\Work\Office\SPlsWork\Crestron.MediaPlayerValidator.clz...
06.02.2017 18:12:44, Info: Saving project information...
06.02.2017 18:12:46, Info: Verifying archive C:\Program Files (x86)\Crestron\Simpl\USRSPLUS\AppleDACPClient.clz...
06.02.2017 18:12:46, Info: Saving project information...
06.02.2017 18:12:48, Info: Commiting verification transaction...
06.02.2017 18:12:48, Info: Saving project information...
06.02.2017 18:13:31, Info: Initializing SIMPLSharp Services...
06.02.2017 18:13:31, Info: ProjectInfo successfully initialized.
06.02.2017 18:13:31, Info: Verifying archive C:\Program Files (x86)\Crestron\Simpl\USRSPLUS\CrestronKNXLibrary.clz...
06.02.2017 18:13:32, Info: Saving project information...
06.02.2017 18:13:33, Info: Verifying archive C:\Program Files (x86)\Crestron\Simpl\USRSPLUS\CrestronKNXLibrary.clz...
06.02.2017 18:13:33, Info: Saving project information...
06.02.2017 18:13:34, Info: Verifying archive C:\Program Files (x86)\Crestron\Simpl\USRSPLUS\CrestronKNXLibrary.clz...
06.02.2017 18:13:34, Info: Saving project information...
06.02.2017 18:13:35, Info: Verifying archive C:\Program Files (x86)\Crestron\Simpl\USRSPLUS\CrestronKNXLibrary.clz...
06.02.2017 18:13:36, Info: Saving project information...
06.02.2017 18:13:36, Info: Verifying archive C:\Work\Office\SPlsWork\AppHelperClasses v2_0.clz...
06.02.2017 18:13:36, Info: Saving project information...
06.02.2017 18:13:37, Info: Verifying archive C:\Work\Office\SPlsWork\Crestron.MediaPlayerValidator.clz...
06.02.2017 18:13:37, Info: Saving project information...
06.02.2017 18:13:40, Info: Verifying archive C:\Program Files (x86)\Crestron\Simpl\USRSPLUS\AppleDACPClient.clz...
06.02.2017 18:13:40, Info: Saving project information...
06.02.2017 18:13:41, Info: Commiting verification transaction...
06.02.2017 18:13:41, Info: Saving project information...
06.02.2017 18:16:35, Info: Initializing SIMPLSharp Services...
06.02.2017 18:16:35, Info: ProjectInfo successfully initialized.
06.02.2017 18:16:36, Info: Verifying archive C:\Program Files (x86)\Crestron\Simpl\USRSPLUS\CrestronKNXLibrary.clz...
06.02.2017 18:16:36, Info: Saving project information...
06.02.2017 18:16:37, Info: Verifying archive C:\Program Files (x86)\Crestron\Simpl\USRSPLUS\CrestronKNXLibrary.clz...
06.02.2017 18:16:37, Info: Saving project information...
06.02.2017 18:16:38, Info: Verifying archive C:\Program Files (x86)\Crestron\Simpl\USRSPLUS\CrestronKNXLibrary.clz...
06.02.2017 18:16:38, Info: Saving project information...
06.02.2017 18:16:39, Info: Verifying archive C:\Program Files (x86)\Crestron\Simpl\USRSPLUS\CrestronKNXLibrary.clz...
06.02.2017 18:16:40, Info: Saving project information...
06.02.2017 18:16:40, Info: Verifying archive C:\Work\Office\SPlsWork\AppHelperClasses v2_0.clz...
06.02.2017 18:16:40, Info: Saving project information...
06.02.2017 18:16:41, Info: Verifying archive C:\Work\Office\SPlsWork\Crestron.MediaPlayerValidator.clz...
06.02.2017 18:16:41, Info: Saving project information...
06.02.2017 18:16:44, Info: Verifying archive C:\Program Files (x86)\Crestron\Simpl\USRSPLUS\AppleDACPClient.clz...
06.02.2017 18:16:44, Info: Saving project information...
06.02.2017 18:16:45, Info: Commiting verification transaction...
06.02.2017 18:16:45, Info: Saving project information...
06.02.2017 18:17:14, Info: Initializing SIMPLSharp Services...
06.02.2017 18:17:14, Info: ProjectInfo successfully initialized.
06.02.2017 18:17:15, Info: Verifying archive C:\Program Files (x86)\Crestron\Simpl\USRSPLUS\CrestronKNXLibrary.clz...
06.02.2017 18:17:15, Info: Saving project information...
06.02.2017 18:17:16, Info: Verifying archive C:\Program Files (x86)\Crestron\Simpl\USRSPLUS\CrestronKNXLibrary.clz...
06.02.2017 18:17:17, Info: Saving project information...
06.02.2017 18:17:17, Info: Verifying archive C:\Program Files (x86)\Crestron\Simpl\USRSPLUS\CrestronKNXLibrary.clz...
06.02.2017 18:17:17, Info: Saving project information...
06.02.2017 18:17:18, Info: Verifying archive C:\Program Files (x86)\Crestron\Simpl\USRSPLUS\CrestronKNXLibrary.clz...
06.02.2017 18:17:19, Info: Saving project information...
06.02.2017 18:17:19, Info: Verifying archive C:\Work\Office\SPlsWork\AppHelperClasses v2_0.clz...
06.02.2017 18:17:19, Info: Saving project information...
06.02.2017 18:17:20, Info: Verifying archive C:\Work\Office\SPlsWork\Crestron.MediaPlayerValidator.clz...
06.02.2017 18:17:20, Info: Saving project information...
06.02.2017 18:17:23, Info: Verifying archive C:\Program Files (x86)\Crestron\Simpl\USRSPLUS\AppleDACPClient.clz...
06.02.2017 18:17:23, Info: Saving project information...
06.02.2017 18:17:25, Info: Commiting verification transaction...
06.02.2017 18:17:25, Info: Saving project information...
06.02.2017 19:02:03, Info: Initializing SIMPLSharp Services...
06.02.2017 19:02:03, Info: ProjectInfo successfully initialized.
06.02.2017 19:02:04, Info: Verifying archive C:\Program Files (x86)\Crestron\Simpl\USRSPLUS\CrestronKNXLibrary.clz...
06.02.2017 19:02:04, Info: Saving project information...
06.02.2017 19:02:06, Info: Verifying archive C:\Program Files (x86)\Crestron\Simpl\USRSPLUS\CrestronKNXLibrary.clz...
06.02.2017 19:02:06, Info: Saving project information...
06.02.2017 19:02:06, Info: Verifying archive C:\Program Files (x86)\Crestron\Simpl\USRSPLUS\CrestronKNXLibrary.clz...
06.02.2017 19:02:07, Info: Saving project information...
06.02.2017 19:02:08, Info: Verifying archive C:\Program Files (x86)\Crestron\Simpl\USRSPLUS\CrestronKNXLibrary.clz...
06.02.2017 19:02:08, Info: Saving project information...
06.02.2017 19:02:09, Info: Verifying archive C:\Work\Office\SPlsWork\AppHelperClasses v2_0.clz...
06.02.2017 19:02:09, Info: Saving project information...
06.02.2017 19:02:10, Info: Verifying archive C:\Work\Office\SPlsWork\Crestron.MediaPlayerValidator.clz...
06.02.2017 19:02:10, Info: Saving project information...
06.02.2017 19:02:13, Info: Verifying archive C:\Program Files (x86)\Crestron\Simpl\USRSPLUS\AppleDACPClient.clz...
06.02.2017 19:02:13, Info: Saving project information...
06.02.2017 19:02:14, Info: Commiting verification transaction...
06.02.2017 19:02:14, Info: Saving project information...
06.02.2017 19:03:01, Info: Terminating SIMPLSharp Services
06.02.2017 19:03:01, Info: Saving project information...
06.02.2017 19:03:01, Info: Terminating SIMPLSharp Services
06.02.2017 19:03:01, Info: Saving project information...
06.02.2017 19:03:01, Info: Terminating SIMPLSharp Services
06.02.2017 19:03:01, Info: Saving project information...
06.02.2017 19:03:01, Info: Terminating SIMPLSharp Services
06.02.2017 19:03:01, Info: Saving project information...
06.02.2017 19:03:01, Info: Terminating SIMPLSharp Services
06.02.2017 19:03:01, Info: Saving project information...
06.02.2017 19:03:01, Info: Terminating SIMPLSharp Services
06.02.2017 19:03:01, Info: Saving project information...
06.02.2017 19:03:01, Info: Terminating SIMPLSharp Services
06.02.2017 19:03:01, Info: Saving project information...
06.02.2017 19:03:01, Info: Terminating SIMPLSharp Services
06.02.2017 19:03:01, Info: Saving project information...
06.02.2017 19:03:01, Info: Terminating SIMPLSharp Services
06.02.2017 19:03:01, Info: Saving project information...
06.02.2017 19:03:01, Info: Terminating SIMPLSharp Services
06.02.2017 19:03:01, Info: Saving project information...
06.02.2017 19:03:01, Info: Terminating SIMPLSharp Services
06.02.2017 19:03:01, Info: Saving project information...
06.02.2017 19:03:01, Info: Terminating SIMPLSharp Services
06.02.2017 19:03:01, Info: Saving project information...
06.02.2017 19:03:01, Info: Terminating SIMPLSharp Services
06.02.2017 19:03:01, Info: Saving project information...
06.02.2017 19:03:01, Info: Terminating SIMPLSharp Services
06.02.2017 19:03:01, Info: Saving project information...
06.02.2017 19:03:01, Info: Terminating SIMPLSharp Services
06.02.2017 19:03:01, Info: Saving project information...
06.02.2017 19:03:01, Info: Terminating SIMPLSharp Services
06.02.2017 19:03:01, Info: Saving project information...
06.02.2017 19:03:01, Info: Terminating SIMPLSharp Services
06.02.2017 19:03:01, Info: Saving project information...
06.02.2017 19:03:01, Info: Terminating SIMPLSharp Services
06.02.2017 19:03:01, Info: Saving project information...
06.02.2017 19:03:01, Info: Terminating SIMPLSharp Services
06.02.2017 19:03:01, Info: Saving project information...
06.02.2017 19:03:01, Info: Terminating SIMPLSharp Services
06.02.2017 19:03:01, Info: Saving project information...
06.02.2017 19:03:01, Info: Terminating SIMPLSharp Services
06.02.2017 19:03:01, Info: Saving project information...
06.02.2017 19:03:01, Info: Terminating SIMPLSharp Services
06.02.2017 19:03:01, Info: Saving project information...
06.02.2017 19:03:01, Info: Terminating SIMPLSharp Services
06.02.2017 19:03:01, Info: Saving project information...
06.02.2017 19:03:01, Info: Terminating SIMPLSharp Services
06.02.2017 19:03:01, Info: Saving project information...
06.02.2017 19:03:01, Info: Terminating SIMPLSharp Services
06.02.2017 19:03:01, Info: Saving project information...
06.02.2017 19:03:01, Info: Terminating SIMPLSharp Services
06.02.2017 19:03:01, Info: Saving project information...
06.02.2017 19:03:01, Info: Terminating SIMPLSharp Services
06.02.2017 19:03:01, Info: Saving project information...
06.02.2017 19:03:01, Info: Terminating SIMPLSharp Services
06.02.2017 19:03:01, Info: Saving project information...
06.02.2017 19:03:01, Info: Terminating SIMPLSharp Services
06.02.2017 19:03:01, Info: Saving project information...
06.02.2017 19:03:01, Info: Terminating SIMPLSharp Services
06.02.2017 19:03:01, Info: Saving project information...
06.02.2017 19:03:01, Info: Terminating SIMPLSharp Services
06.02.2017 19:03:01, Info: Saving project information...
06.02.2017 19:03:01, Info: Terminating SIMPLSharp Services
06.02.2017 19:03:01, Info: Saving project information...
06.02.2017 19:03:01, Info: Terminating SIMPLSharp Services
06.02.2017 19:03:01, Info: Saving project information...
06.02.2017 19:03:01, Info: Terminating SIMPLSharp Services
06.02.2017 19:03:01, Info: Saving project information...
06.02.2017 19:03:01, Info: Terminating SIMPLSharp Services
06.02.2017 19:03:01, Info: Saving project information...
06.02.2017 19:03:01, Info: Terminating SIMPLSharp Services
06.02.2017 19:03:01, Info: Saving project information...
06.02.2017 19:03:01, Info: Terminating SIMPLSharp Services
06.02.2017 19:03:01, Info: Saving project information...
06.02.2017 19:03:01, Info: Terminating SIMPLSharp Services
06.02.2017 19:03:01, Info: Saving project information...
06.02.2017 19:03:01, Info: Terminating SIMPLSharp Services
06.02.2017 19:03:01, Info: Saving project information...
06.02.2017 19:03:01, Info: Terminating SIMPLSharp Services
06.02.2017 19:03:01, Info: Saving project information...
06.02.2017 19:03:01, Info: Terminating SIMPLSharp Services
06.02.2017 19:03:01, Info: Saving project information...
06.02.2017 19:03:01, Info: Terminating SIMPLSharp Services
06.02.2017 19:03:01, Info: Saving project information...
06.02.2017 19:03:01, Info: Terminating SIMPLSharp Services
06.02.2017 19:03:01, Info: Saving project information...
06.02.2017 19:03:01, Info: Terminating SIMPLSharp Services
06.02.2017 19:03:01, Info: Saving project information...
06.02.2017 19:03:01, Info: Terminating SIMPLSharp Services
06.02.2017 19:03:01, Info: Saving project information...
06.02.2017 19:03:01, Info: Terminating SIMPLSharp Services
06.02.2017 19:03:01, Info: Saving project information...
06.02.2017 19:03:01, Info: Terminating SIMPLSharp Services
06.02.2017 19:03:01, Info: Saving project information...
06.02.2017 19:03:01, Info: Terminating SIMPLSharp Services
06.02.2017 19:03:01, Info: Saving project information...
06.02.2017 19:03:01, Info: Terminating SIMPLSharp Services
06.02.2017 19:03:01, Info: Saving project information...
06.02.2017 19:03:01, Info: Terminating SIMPLSharp Services
06.02.2017 19:03:01, Info: Saving project information...
06.02.2017 19:03:01, Info: Terminating SIMPLSharp Services
06.02.2017 19:03:01, Info: Saving project information...
06.02.2017 19:03:01, Info: Terminating SIMPLSharp Services
06.02.2017 19:03:01, Info: Saving project information...
06.02.2017 19:03:01, Info: Terminating SIMPLSharp Services
06.02.2017 19:03:01, Info: Saving project information...
06.02.2017 19:03:01, Info: Terminating SIMPLSharp Services
06.02.2017 19:03:01, Info: Saving project information...
06.02.2017 19:03:01, Info: Terminating SIMPLSharp Services
