02.02.2017 21:31:46, Info: Commiting verification transaction...
02.02.2017 21:31:46, Info: Saving project information...
02.02.2017 21:46:49, Info: Initializing SIMPLSharp Services...
02.02.2017 21:46:49, Info: ProjectInfo successfully initialized.
02.02.2017 21:46:50, Info: Verifying archive C:\Program Files (x86)\Crestron\Simpl\USRSPLUS\CrestronKNXLibrary.clz...
02.02.2017 21:46:50, Info: Saving project information...
02.02.2017 21:46:51, Info: Verifying archive C:\Program Files (x86)\Crestron\Simpl\USRSPLUS\CrestronKNXLibrary.clz...
02.02.2017 21:46:51, Info: Saving project information...
02.02.2017 21:46:51, Info: Verifying archive C:\Program Files (x86)\Crestron\Simpl\USRSPLUS\CrestronKNXLibrary.clz...
02.02.2017 21:46:52, Info: Saving project information...
02.02.2017 21:46:53, Info: Verifying archive C:\Program Files (x86)\Crestron\Simpl\USRSPLUS\CrestronKNXLibrary.clz...
02.02.2017 21:46:53, Info: Saving project information...
02.02.2017 21:46:55, Info: Verifying archive C:\Program Files (x86)\Crestron\Simpl\USRSPLUS\AppleDACPClient.clz...
02.02.2017 21:46:55, Info: Saving project information...
02.02.2017 21:46:57, Info: Commiting verification transaction...
02.02.2017 21:46:57, Info: Saving project information...
02.02.2017 21:51:10, Info: Initializing SIMPLSharp Services...
02.02.2017 21:51:10, Info: ProjectInfo successfully initialized.
02.02.2017 21:51:11, Info: Verifying archive C:\Program Files (x86)\Crestron\Simpl\USRSPLUS\CrestronKNXLibrary.clz...
02.02.2017 21:51:11, Info: Saving project information...
02.02.2017 21:51:12, Info: Verifying archive C:\Program Files (x86)\Crestron\Simpl\USRSPLUS\CrestronKNXLibrary.clz...
02.02.2017 21:51:12, Info: Saving project information...
02.02.2017 21:51:12, Info: Verifying archive C:\Program Files (x86)\Crestron\Simpl\USRSPLUS\CrestronKNXLibrary.clz...
02.02.2017 21:51:13, Info: Saving project information...
02.02.2017 21:51:14, Info: Verifying archive C:\Program Files (x86)\Crestron\Simpl\USRSPLUS\CrestronKNXLibrary.clz...
02.02.2017 21:51:14, Info: Saving project information...
02.02.2017 21:51:17, Info: Verifying archive C:\Program Files (x86)\Crestron\Simpl\USRSPLUS\AppleDACPClient.clz...
02.02.2017 21:51:17, Info: Saving project information...
02.02.2017 21:51:18, Info: Commiting verification transaction...
02.02.2017 21:51:18, Info: Saving project information...
02.02.2017 22:47:39, Info: Initializing SIMPLSharp Services...
02.02.2017 22:47:39, Info: ProjectInfo successfully initialized.
02.02.2017 22:47:39, Info: Verifying archive C:\Program Files (x86)\Crestron\Simpl\USRSPLUS\CrestronKNXLibrary.clz...
02.02.2017 22:47:40, Info: Saving project information...
02.02.2017 22:47:41, Info: Verifying archive C:\Program Files (x86)\Crestron\Simpl\USRSPLUS\CrestronKNXLibrary.clz...
02.02.2017 22:47:41, Info: Saving project information...
02.02.2017 22:47:42, Info: Verifying archive C:\Program Files (x86)\Crestron\Simpl\USRSPLUS\CrestronKNXLibrary.clz...
02.02.2017 22:47:42, Info: Saving project information...
02.02.2017 22:47:43, Info: Verifying archive C:\Program Files (x86)\Crestron\Simpl\USRSPLUS\CrestronKNXLibrary.clz...
02.02.2017 22:47:43, Info: Saving project information...
02.02.2017 22:47:46, Info: Verifying archive C:\Program Files (x86)\Crestron\Simpl\USRSPLUS\AppleDACPClient.clz...
02.02.2017 22:47:46, Info: Saving project information...
02.02.2017 22:47:47, Info: Commiting verification transaction...
02.02.2017 22:47:47, Info: Saving project information...
02.02.2017 22:52:29, Info: Initializing SIMPLSharp Services...
02.02.2017 22:52:29, Info: ProjectInfo successfully initialized.
02.02.2017 22:52:29, Info: Verifying archive C:\Program Files (x86)\Crestron\Simpl\USRSPLUS\CrestronKNXLibrary.clz...
02.02.2017 22:52:30, Info: Saving project information...
02.02.2017 22:52:30, Info: Verifying archive C:\Program Files (x86)\Crestron\Simpl\USRSPLUS\CrestronKNXLibrary.clz...
02.02.2017 22:52:31, Info: Saving project information...
02.02.2017 22:52:31, Info: Verifying archive C:\Program Files (x86)\Crestron\Simpl\USRSPLUS\CrestronKNXLibrary.clz...
02.02.2017 22:52:31, Info: Saving project information...
02.02.2017 22:52:32, Info: Verifying archive C:\Program Files (x86)\Crestron\Simpl\USRSPLUS\CrestronKNXLibrary.clz...
02.02.2017 22:52:33, Info: Saving project information...
02.02.2017 22:52:34, Info: Verifying archive C:\Program Files (x86)\Crestron\Simpl\USRSPLUS\AppleDACPClient.clz...
02.02.2017 22:52:35, Info: Saving project information...
02.02.2017 22:52:36, Info: Commiting verification transaction...
02.02.2017 22:52:36, Info: Saving project information...
06.02.2017 3:08:23, Info: Initializing SIMPLSharp Services...
06.02.2017 3:08:23, Info: ProjectInfo successfully initialized.
06.02.2017 3:08:24, Info: Verifying archive C:\Program Files (x86)\Crestron\Simpl\USRSPLUS\CrestronKNXLibrary.clz...
06.02.2017 3:08:24, Info: Saving project information...
06.02.2017 3:08:26, Info: Verifying archive C:\Program Files (x86)\Crestron\Simpl\USRSPLUS\CrestronKNXLibrary.clz...
06.02.2017 3:08:27, Info: Saving project information...
06.02.2017 3:08:27, Info: Verifying archive C:\Program Files (x86)\Crestron\Simpl\USRSPLUS\CrestronKNXLibrary.clz...
06.02.2017 3:08:27, Info: Saving project information...
06.02.2017 3:08:29, Info: Verifying archive C:\Program Files (x86)\Crestron\Simpl\USRSPLUS\CrestronKNXLibrary.clz...
06.02.2017 3:08:29, Info: Saving project information...
06.02.2017 3:08:32, Info: Verifying archive C:\Program Files (x86)\Crestron\Simpl\USRSPLUS\AppleDACPClient.clz...
06.02.2017 3:08:32, Info: Saving project information...
06.02.2017 3:08:34, Info: Commiting verification transaction...
06.02.2017 3:08:34, Info: Saving project information...
06.02.2017 4:14:10, Info: Initializing SIMPLSharp Services...
06.02.2017 4:14:10, Info: ProjectInfo successfully initialized.
06.02.2017 4:14:11, Info: Verifying archive C:\Program Files (x86)\Crestron\Simpl\USRSPLUS\CrestronKNXLibrary.clz...
06.02.2017 4:14:14, Info: Saving project information...
06.02.2017 4:14:16, Info: Verifying archive C:\Program Files (x86)\Crestron\Simpl\USRSPLUS\CrestronKNXLibrary.clz...
06.02.2017 4:14:17, Info: Saving project information...
06.02.2017 4:14:18, Info: Verifying archive C:\Program Files (x86)\Crestron\Simpl\USRSPLUS\CrestronKNXLibrary.clz...
06.02.2017 4:14:19, Info: Saving project information...
06.02.2017 4:14:24, Info: Verifying archive C:\Program Files (x86)\Crestron\Simpl\USRSPLUS\CrestronKNXLibrary.clz...
06.02.2017 4:14:26, Info: Saving project information...
06.02.2017 4:14:44, Info: Verifying archive C:\Program Files (x86)\Crestron\Simpl\USRSPLUS\AppleDACPClient.clz...
06.02.2017 4:14:46, Info: Saving project information...
06.02.2017 4:14:48, Info: Commiting verification transaction...
06.02.2017 4:14:48, Info: Saving project information...
06.02.2017 4:29:59, Info: Initializing SIMPLSharp Services...
06.02.2017 4:29:59, Info: ProjectInfo successfully initialized.
06.02.2017 4:30:00, Info: Verifying archive C:\Program Files (x86)\Crestron\Simpl\USRSPLUS\CrestronKNXLibrary.clz...
06.02.2017 4:30:00, Info: Saving project information...
06.02.2017 4:30:02, Info: Verifying archive C:\Program Files (x86)\Crestron\Simpl\USRSPLUS\CrestronKNXLibrary.clz...
06.02.2017 4:30:02, Info: Saving project information...
06.02.2017 4:30:03, Info: Verifying archive C:\Program Files (x86)\Crestron\Simpl\USRSPLUS\CrestronKNXLibrary.clz...
06.02.2017 4:30:04, Info: Saving project information...
06.02.2017 4:30:06, Info: Verifying archive C:\Program Files (x86)\Crestron\Simpl\USRSPLUS\CrestronKNXLibrary.clz...
06.02.2017 4:30:06, Info: Saving project information...
06.02.2017 4:30:13, Info: Verifying archive C:\Program Files (x86)\Crestron\Simpl\USRSPLUS\AppleDACPClient.clz...
06.02.2017 4:30:14, Info: Saving project information...
06.02.2017 4:30:15, Info: Commiting verification transaction...
06.02.2017 4:30:15, Info: Saving project information...
06.02.2017 5:22:29, Info: Initializing SIMPLSharp Services...
06.02.2017 5:22:29, Info: ProjectInfo successfully initialized.
06.02.2017 5:22:30, Info: Verifying archive C:\Program Files (x86)\Crestron\Simpl\USRSPLUS\CrestronKNXLibrary.clz...
06.02.2017 5:22:31, Info: Saving project information...
06.02.2017 5:22:32, Info: Verifying archive C:\Program Files (x86)\Crestron\Simpl\USRSPLUS\CrestronKNXLibrary.clz...
06.02.2017 5:22:32, Info: Saving project information...
06.02.2017 5:22:33, Info: Verifying archive C:\Program Files (x86)\Crestron\Simpl\USRSPLUS\CrestronKNXLibrary.clz...
06.02.2017 5:22:34, Info: Saving project information...
06.02.2017 5:22:36, Info: Verifying archive C:\Program Files (x86)\Crestron\Simpl\USRSPLUS\CrestronKNXLibrary.clz...
06.02.2017 5:22:36, Info: Saving project information...
06.02.2017 5:22:42, Info: Verifying archive C:\Program Files (x86)\Crestron\Simpl\USRSPLUS\AppleDACPClient.clz...
06.02.2017 5:22:42, Info: Saving project information...
06.02.2017 5:22:44, Info: Commiting verification transaction...
06.02.2017 5:22:44, Info: Saving project information...
06.02.2017 5:33:10, Info: Initializing SIMPLSharp Services...
06.02.2017 5:33:10, Info: ProjectInfo successfully initialized.
06.02.2017 5:33:10, Info: Verifying archive C:\Program Files (x86)\Crestron\Simpl\USRSPLUS\CrestronKNXLibrary.clz...
06.02.2017 5:33:11, Info: Saving project information...
06.02.2017 5:33:12, Info: Verifying archive C:\Program Files (x86)\Crestron\Simpl\USRSPLUS\CrestronKNXLibrary.clz...
06.02.2017 5:33:12, Info: Saving project information...
06.02.2017 5:33:13, Info: Verifying archive C:\Program Files (x86)\Crestron\Simpl\USRSPLUS\CrestronKNXLibrary.clz...
06.02.2017 5:33:13, Info: Saving project information...
06.02.2017 5:33:14, Info: Verifying archive C:\Program Files (x86)\Crestron\Simpl\USRSPLUS\CrestronKNXLibrary.clz...
06.02.2017 5:33:15, Info: Saving project information...
06.02.2017 5:33:17, Info: Verifying archive C:\Program Files (x86)\Crestron\Simpl\USRSPLUS\AppleDACPClient.clz...
06.02.2017 5:33:17, Info: Saving project information...
06.02.2017 5:33:19, Info: Commiting verification transaction...
06.02.2017 5:33:19, Info: Saving project information...
06.02.2017 5:33:41, Info: Initializing SIMPLSharp Services...
06.02.2017 5:33:41, Info: ProjectInfo successfully initialized.
06.02.2017 5:33:42, Info: Verifying archive C:\Program Files (x86)\Crestron\Simpl\USRSPLUS\CrestronKNXLibrary.clz...
06.02.2017 5:33:43, Info: Saving project information...
06.02.2017 5:33:44, Info: Verifying archive C:\Program Files (x86)\Crestron\Simpl\USRSPLUS\CrestronKNXLibrary.clz...
06.02.2017 5:33:44, Info: Saving project information...
06.02.2017 5:33:44, Info: Verifying archive C:\Program Files (x86)\Crestron\Simpl\USRSPLUS\CrestronKNXLibrary.clz...
06.02.2017 5:33:45, Info: Saving project information...
06.02.2017 5:33:46, Info: Verifying archive C:\Program Files (x86)\Crestron\Simpl\USRSPLUS\CrestronKNXLibrary.clz...
06.02.2017 5:33:46, Info: Saving project information...
06.02.2017 5:33:49, Info: Verifying archive C:\Program Files (x86)\Crestron\Simpl\USRSPLUS\AppleDACPClient.clz...
06.02.2017 5:33:49, Info: Saving project information...
06.02.2017 5:33:50, Info: Commiting verification transaction...
06.02.2017 5:33:50, Info: Saving project information...
06.02.2017 5:34:11, Info: Initializing SIMPLSharp Services...
06.02.2017 5:34:11, Info: ProjectInfo successfully initialized.
06.02.2017 5:34:12, Info: Verifying archive C:\Program Files (x86)\Crestron\Simpl\USRSPLUS\CrestronKNXLibrary.clz...
06.02.2017 5:34:12, Info: Saving project information...
06.02.2017 5:34:13, Info: Verifying archive C:\Program Files (x86)\Crestron\Simpl\USRSPLUS\CrestronKNXLibrary.clz...
06.02.2017 5:34:14, Info: Saving project information...
06.02.2017 5:34:14, Info: Verifying archive C:\Program Files (x86)\Crestron\Simpl\USRSPLUS\CrestronKNXLibrary.clz...
06.02.2017 5:34:14, Info: Saving project information...
06.02.2017 5:34:16, Info: Verifying archive C:\Program Files (x86)\Crestron\Simpl\USRSPLUS\CrestronKNXLibrary.clz...
06.02.2017 5:34:16, Info: Saving project information...
06.02.2017 5:34:18, Info: Verifying archive C:\Program Files (x86)\Crestron\Simpl\USRSPLUS\AppleDACPClient.clz...
06.02.2017 5:34:19, Info: Saving project information...
06.02.2017 5:34:20, Info: Commiting verification transaction...
06.02.2017 5:34:20, Info: Saving project information...
06.02.2017 5:36:28, Info: Initializing SIMPLSharp Services...
06.02.2017 5:36:28, Info: ProjectInfo successfully initialized.
06.02.2017 5:36:29, Info: Verifying archive C:\Program Files (x86)\Crestron\Simpl\USRSPLUS\CrestronKNXLibrary.clz...
06.02.2017 5:36:30, Info: Saving project information...
06.02.2017 5:36:31, Info: Verifying archive C:\Program Files (x86)\Crestron\Simpl\USRSPLUS\CrestronKNXLibrary.clz...
06.02.2017 5:36:31, Info: Saving project information...
06.02.2017 5:36:31, Info: Verifying archive C:\Program Files (x86)\Crestron\Simpl\USRSPLUS\CrestronKNXLibrary.clz...
06.02.2017 5:36:32, Info: Saving project information...
06.02.2017 5:36:33, Info: Verifying archive C:\Program Files (x86)\Crestron\Simpl\USRSPLUS\CrestronKNXLibrary.clz...
06.02.2017 5:36:33, Info: Saving project information...
06.02.2017 5:36:36, Info: Verifying archive C:\Program Files (x86)\Crestron\Simpl\USRSPLUS\AppleDACPClient.clz...
06.02.2017 5:36:36, Info: Saving project information...
06.02.2017 5:36:37, Info: Commiting verification transaction...
06.02.2017 5:36:37, Info: Saving project information...
06.02.2017 5:37:11, Info: Initializing SIMPLSharp Services...
06.02.2017 5:37:11, Info: ProjectInfo successfully initialized.
06.02.2017 5:37:11, Info: Verifying archive C:\Program Files (x86)\Crestron\Simpl\USRSPLUS\CrestronKNXLibrary.clz...
06.02.2017 5:37:12, Info: Saving project information...
06.02.2017 5:37:13, Info: Verifying archive C:\Program Files (x86)\Crestron\Simpl\USRSPLUS\CrestronKNXLibrary.clz...
06.02.2017 5:37:13, Info: Saving project information...
06.02.2017 5:37:14, Info: Verifying archive C:\Program Files (x86)\Crestron\Simpl\USRSPLUS\CrestronKNXLibrary.clz...
06.02.2017 5:37:14, Info: Saving project information...
06.02.2017 5:37:15, Info: Verifying archive C:\Program Files (x86)\Crestron\Simpl\USRSPLUS\CrestronKNXLibrary.clz...
06.02.2017 5:37:15, Info: Saving project information...
06.02.2017 5:37:18, Info: Verifying archive C:\Program Files (x86)\Crestron\Simpl\USRSPLUS\AppleDACPClient.clz...
06.02.2017 5:37:18, Info: Saving project information...
06.02.2017 5:37:20, Info: Commiting verification transaction...
06.02.2017 5:37:20, Info: Saving project information...
06.02.2017 5:58:21, Info: Initializing SIMPLSharp Services...
06.02.2017 5:58:21, Info: ProjectInfo successfully initialized.
06.02.2017 5:58:22, Info: Verifying archive C:\Program Files (x86)\Crestron\Simpl\USRSPLUS\CrestronKNXLibrary.clz...
06.02.2017 5:58:22, Info: Saving project information...
06.02.2017 5:58:23, Info: Verifying archive C:\Program Files (x86)\Crestron\Simpl\USRSPLUS\CrestronKNXLibrary.clz...
06.02.2017 5:58:23, Info: Saving project information...
06.02.2017 5:58:24, Info: Verifying archive C:\Program Files (x86)\Crestron\Simpl\USRSPLUS\CrestronKNXLibrary.clz...
06.02.2017 5:58:24, Info: Saving project information...
06.02.2017 5:58:25, Info: Verifying archive C:\Program Files (x86)\Crestron\Simpl\USRSPLUS\CrestronKNXLibrary.clz...
06.02.2017 5:58:26, Info: Saving project information...
06.02.2017 5:58:26, Info: Verifying archive C:\Work\Office\SPlsWork\AppHelperClasses v2_0.clz...
06.02.2017 5:58:27, Info: Saving project information...
06.02.2017 5:58:28, Info: Verifying archive C:\Work\Office\SPlsWork\Crestron.MediaPlayerValidator.clz...
06.02.2017 5:58:28, Info: Saving project information...
06.02.2017 5:58:31, Info: Verifying archive C:\Program Files (x86)\Crestron\Simpl\USRSPLUS\AppleDACPClient.clz...
06.02.2017 5:58:32, Info: Saving project information...
06.02.2017 5:58:33, Info: Commiting verification transaction...
06.02.2017 5:58:33, Info: Saving project information...
06.02.2017 5:58:49, Info: Initializing SIMPLSharp Services...
06.02.2017 5:58:49, Info: ProjectInfo successfully initialized.
06.02.2017 5:58:50, Info: Verifying archive C:\Program Files (x86)\Crestron\Simpl\USRSPLUS\CrestronKNXLibrary.clz...
